<?xml version="1.0" encoding="UTF-8"?>
<!-- Generated by org.testng.reporters.JUnitReportReporter -->
<testsuite hostname="DESKTOP-B0V1RRR" failures="0" tests="3" name="Asserations.Grouping_Demo" time="0.011" errors="0" timestamp="2023-09-06T20:32:35 IST" skipped="0">
  <testcase classname="Asserations.Grouping_Demo" name="LoginByEmail" time="0.009"/>
  <testcase classname="Asserations.Grouping_Demo" name="LoginByWhatsApp" time="0.001"/>
  <testcase classname="Asserations.Grouping_Demo" name="LoginByInstagram" time="0.001"/>
</testsuite> <!-- Asserations.Grouping_Demo -->
