<?xml version="1.0" encoding="UTF-8"?>
<!-- Generated by org.testng.reporters.JUnitReportReporter -->
<testsuite hostname="DESKTOP-B0V1RRR" failures="0" tests="5" name="Asserations.Invocation_Count_Demo" time="0.015" errors="0" timestamp="2023-09-07T19:17:15 IST" skipped="0">
  <testcase classname="Asserations.Invocation_Count_Demo" name="Test" time="0.002"/>
  <testcase classname="Asserations.Invocation_Count_Demo" name="Test" time="0.001"/>
  <testcase classname="Asserations.Invocation_Count_Demo" name="Test" time="0.001"/>
  <testcase classname="Asserations.Invocation_Count_Demo" name="Test" time="0.001"/>
  <testcase classname="Asserations.Invocation_Count_Demo" name="Test" time="0.010"/>
</testsuite> <!-- Asserations.Invocation_Count_Demo -->
