<?xml version="1.0" encoding="UTF-8"?>
<!-- Generated by org.testng.reporters.JUnitReportReporter -->
<testsuite hostname="DESKTOP-B0V1RRR" failures="0" tests="1" name="Asserations.Data_Providing_To_Method_Using_Assertions" time="3.984" errors="0" timestamp="2023-09-14T19:49:01 IST" skipped="0">
  <testcase classname="Asserations.Data_Providing_To_Method_Using_Assertions" name="setup" time="3.984"/>
</testsuite> <!-- Asserations.Data_Providing_To_Method_Using_Assertions -->
