<?xml version="1.0" encoding="UTF-8"?>
<!-- Generated by org.testng.reporters.JUnitReportReporter -->
<testsuite hostname="DESKTOP-B0V1RRR" failures="0" tests="2" name="Page_Object_Model_Demo.Login_Testing" time="1.262" errors="0" timestamp="2023-09-08T20:24:15 IST" skipped="0">
  <testcase classname="Page_Object_Model_Demo.Login_Testing" name="TestLogo" time="0.055"/>
  <testcase classname="Page_Object_Model_Demo.Login_Testing" name="TestLogin" time="1.207"/>
</testsuite> <!-- Page_Object_Model_Demo.Login_Testing -->
