<?xml version="1.0" encoding="UTF-8"?>
<!-- Generated by org.testng.reporters.JUnitReportReporter -->
<testsuite hostname="DESKTOP-B0V1RRR" failures="0" tests="2" name="Annotation_TestNG.Annotation_Demo" time="0.007" errors="0" timestamp="2023-09-06T20:28:25 IST" skipped="0">
  <testcase classname="Annotation_TestNG.Annotation_Demo" name="search" time="0.004"/>
  <testcase classname="Annotation_TestNG.Annotation_Demo" name="Advanced_Search" time="0.003"/>
</testsuite> <!-- Annotation_TestNG.Annotation_Demo -->
