<?xml version="1.0" encoding="UTF-8"?>
<!-- Generated by org.testng.reporters.JUnitReportReporter -->
<testsuite hostname="DESKTOP-B0V1RRR" failures="0" tests="2" name="Page_Object_Model_Demo.Login_Page_factory_Testing" time="1.268" errors="0" timestamp="2023-09-08T20:52:37 IST" skipped="0">
  <testcase classname="Page_Object_Model_Demo.Login_Page_factory_Testing" name="TestLogo" time="0.060"/>
  <testcase classname="Page_Object_Model_Demo.Login_Page_factory_Testing" name="TestLogin" time="1.208"/>
</testsuite> <!-- Page_Object_Model_Demo.Login_Page_factory_Testing -->
